mode: set
gustorrent/internal/utils/convert.go:23.34,24.17 1 1
gustorrent/internal/utils/convert.go:24.17,26.3 1 1
gustorrent/internal/utils/convert.go:28.2,32.17 3 1
gustorrent/internal/utils/convert.go:32.17,35.18 3 1
gustorrent/internal/utils/convert.go:35.18,37.4 1 1
gustorrent/internal/utils/convert.go:41.2,41.35 1 1
gustorrent/internal/utils/convert.go:41.35,43.3 1 1
gustorrent/internal/utils/convert.go:45.2,47.24 2 1
gustorrent/internal/utils/convert.go:47.24,49.27 2 1
gustorrent/internal/utils/convert.go:49.27,51.4 1 1
gustorrent/internal/utils/convert.go:53.3,56.32 2 1
gustorrent/internal/utils/convert.go:56.32,58.4 1 1
gustorrent/internal/utils/convert.go:60.3,60.34 1 1
gustorrent/internal/utils/convert.go:63.2,63.22 1 1
gustorrent/internal/metadata/metadata.go:30.45,33.16 3 1
gustorrent/internal/metadata/metadata.go:33.16,35.3 1 1
gustorrent/internal/metadata/metadata.go:37.2,40.9 3 1
gustorrent/internal/metadata/metadata.go:40.9,42.3 1 1
gustorrent/internal/metadata/metadata.go:44.2,44.27 1 1
gustorrent/internal/metadata/metadata.go:47.47,54.9 4 1
gustorrent/internal/metadata/metadata.go:54.9,56.3 1 1
gustorrent/internal/metadata/metadata.go:57.2,58.9 2 1
gustorrent/internal/metadata/metadata.go:58.9,60.3 1 1
gustorrent/internal/metadata/metadata.go:61.2,62.9 2 1
gustorrent/internal/metadata/metadata.go:62.9,64.3 1 1
gustorrent/internal/metadata/metadata.go:65.2,70.30 4 1
gustorrent/internal/metadata/metadata.go:70.30,72.3 1 1
gustorrent/internal/metadata/metadata.go:75.2,75.33 1 1
gustorrent/internal/metadata/metadata.go:75.33,78.3 2 1
gustorrent/internal/metadata/metadata.go:81.2,81.36 1 1
gustorrent/internal/metadata/metadata.go:81.36,85.3 2 1
gustorrent/internal/metadata/metadata.go:85.8,85.45 1 1
gustorrent/internal/metadata/metadata.go:85.45,89.33 3 1
gustorrent/internal/metadata/metadata.go:89.33,92.4 2 1
gustorrent/internal/metadata/metadata.go:94.8,96.3 1 1
gustorrent/internal/metadata/metadata.go:98.2,98.18 1 1
gustorrent/internal/metadata/metadata.go:101.45,104.30 2 1
gustorrent/internal/metadata/metadata.go:104.30,116.33 5 1
gustorrent/internal/metadata/metadata.go:116.33,119.4 2 1
gustorrent/internal/metadata/metadata.go:121.3,121.29 1 1
gustorrent/internal/metadata/metadata.go:124.2,124.15 1 1
gustorrent/internal/metadata/metadata.go:127.51,129.25 2 1
gustorrent/internal/metadata/metadata.go:129.25,131.3 1 1
gustorrent/internal/metadata/metadata.go:132.2,132.12 1 1
gustorrent/internal/bencode/bencode.go:17.55,18.22 1 1
gustorrent/internal/bencode/bencode.go:18.22,20.3 1 1
gustorrent/internal/bencode/bencode.go:22.2,22.19 1 1
gustorrent/internal/bencode/bencode.go:23.11,25.16 2 1
gustorrent/internal/bencode/bencode.go:25.16,27.4 1 1
gustorrent/internal/bencode/bencode.go:28.3,30.17 3 1
gustorrent/internal/bencode/bencode.go:30.17,32.4 1 1
gustorrent/internal/bencode/bencode.go:33.3,33.54 1 1
gustorrent/internal/bencode/bencode.go:35.56,37.18 2 1
gustorrent/internal/bencode/bencode.go:37.18,39.4 1 1
gustorrent/internal/bencode/bencode.go:40.3,42.17 3 1
gustorrent/internal/bencode/bencode.go:42.17,44.4 1 1
gustorrent/internal/bencode/bencode.go:45.3,47.22 3 1
gustorrent/internal/bencode/bencode.go:47.22,49.4 1 1
gustorrent/internal/bencode/bencode.go:50.3,50.64 1 1
gustorrent/internal/bencode/bencode.go:52.11,55.43 3 1
gustorrent/internal/bencode/bencode.go:55.43,57.18 2 1
gustorrent/internal/bencode/bencode.go:57.18,59.5 1 1
gustorrent/internal/bencode/bencode.go:60.4,61.12 2 1
gustorrent/internal/bencode/bencode.go:63.3,63.23 1 1
gustorrent/internal/bencode/bencode.go:63.23,65.4 1 1
gustorrent/internal/bencode/bencode.go:66.3,66.59 1 1
gustorrent/internal/bencode/bencode.go:68.11,71.43 3 1
gustorrent/internal/bencode/bencode.go:71.43,73.18 2 1
gustorrent/internal/bencode/bencode.go:73.18,75.5 1 0
gustorrent/internal/bencode/bencode.go:76.4,76.23 1 1
gustorrent/internal/bencode/bencode.go:76.23,78.5 1 1
gustorrent/internal/bencode/bencode.go:79.4,81.18 3 1
gustorrent/internal/bencode/bencode.go:81.18,83.5 1 1
gustorrent/internal/bencode/bencode.go:84.4,85.12 2 1
gustorrent/internal/bencode/bencode.go:87.3,87.23 1 1
gustorrent/internal/bencode/bencode.go:87.23,89.4 1 1
gustorrent/internal/bencode/bencode.go:90.3,90.58 1 1
gustorrent/internal/bencode/bencode.go:93.2,93.65 1 1
