mode: set
gustorrent/internal/dsa/stack/stack.go:9.39,13.2 1 0
gustorrent/internal/dsa/stack/stack.go:15.29,17.2 1 0
gustorrent/internal/dsa/stack/stack.go:19.36,22.17 2 0
gustorrent/internal/dsa/stack/stack.go:22.17,24.3 1 0
gustorrent/internal/dsa/stack/stack.go:26.2,29.17 3 0
gustorrent/internal/dsa/stack/stack.go:32.32,34.2 1 0
gustorrent/internal/dsa/stack/stack.go:36.28,38.2 1 0
gustorrent/internal/dsa/stack/stack.go:40.37,43.15 2 0
gustorrent/internal/dsa/stack/stack.go:43.15,45.3 1 0
gustorrent/internal/dsa/stack/stack.go:47.2,47.34 1 0
gustorrent/internal/parser/parser.go:20.38,26.32 5 1
gustorrent/internal/parser/parser.go:26.32,30.10 3 1
gustorrent/internal/parser/parser.go:31.18,35.43 3 1
gustorrent/internal/parser/parser.go:35.43,37.5 1 1
gustorrent/internal/parser/parser.go:39.4,39.23 1 1
gustorrent/internal/parser/parser.go:39.23,41.5 1 1
gustorrent/internal/parser/parser.go:43.4,44.18 2 1
gustorrent/internal/parser/parser.go:44.18,46.5 1 0
gustorrent/internal/parser/parser.go:47.4,49.19 3 1
gustorrent/internal/parser/parser.go:51.31,55.44 3 1
gustorrent/internal/parser/parser.go:55.44,57.5 1 1
gustorrent/internal/parser/parser.go:59.4,59.24 1 1
gustorrent/internal/parser/parser.go:59.24,61.5 1 0
gustorrent/internal/parser/parser.go:63.4,64.18 2 1
gustorrent/internal/parser/parser.go:64.18,66.5 1 0
gustorrent/internal/parser/parser.go:68.4,71.27 3 1
gustorrent/internal/parser/parser.go:71.27,73.5 1 1
gustorrent/internal/parser/parser.go:75.4,77.19 3 1
gustorrent/internal/parser/parser.go:79.18,81.20 2 1
gustorrent/internal/parser/parser.go:83.18,87.20 2 1
gustorrent/internal/parser/parser.go:89.18,91.18 2 1
gustorrent/internal/parser/parser.go:91.18,93.5 1 0
gustorrent/internal/parser/parser.go:94.4,94.27 1 1
gustorrent/internal/parser/parser.go:95.20,96.21 1 1
gustorrent/internal/parser/parser.go:97.20,98.21 1 1
gustorrent/internal/parser/parser.go:100.4,100.19 1 1
gustorrent/internal/parser/parser.go:102.11,103.55 1 1
gustorrent/internal/parser/parser.go:106.3,106.15 1 1
gustorrent/internal/parser/parser.go:106.15,107.24 1 1
gustorrent/internal/parser/parser.go:107.24,110.32 2 1
gustorrent/internal/parser/parser.go:112.21,113.46 1 1
gustorrent/internal/parser/parser.go:115.21,116.28 1 1
gustorrent/internal/parser/parser.go:116.28,118.14 2 1
gustorrent/internal/parser/parser.go:118.14,120.8 1 1
gustorrent/internal/parser/parser.go:121.7,122.31 2 1
gustorrent/internal/parser/parser.go:123.12,126.7 2 1
gustorrent/internal/parser/parser.go:128.10,130.5 1 1
gustorrent/internal/parser/parser.go:134.2,134.51 1 1
