mode: set
gustorrent/internal/bencode/bencode.go:21.55,22.22 1 1
gustorrent/internal/bencode/bencode.go:22.22,24.3 1 1
gustorrent/internal/bencode/bencode.go:26.2,26.19 1 1
gustorrent/internal/bencode/bencode.go:27.11,29.16 2 1
gustorrent/internal/bencode/bencode.go:29.16,31.4 1 1
gustorrent/internal/bencode/bencode.go:32.3,34.17 3 1
gustorrent/internal/bencode/bencode.go:34.17,36.4 1 1
gustorrent/internal/bencode/bencode.go:37.3,37.80 1 1
gustorrent/internal/bencode/bencode.go:39.56,41.18 2 1
gustorrent/internal/bencode/bencode.go:41.18,43.4 1 1
gustorrent/internal/bencode/bencode.go:44.3,46.17 3 1
gustorrent/internal/bencode/bencode.go:46.17,48.4 1 1
gustorrent/internal/bencode/bencode.go:49.3,51.22 3 1
gustorrent/internal/bencode/bencode.go:51.22,53.4 1 1
gustorrent/internal/bencode/bencode.go:54.3,54.86 1 1
gustorrent/internal/bencode/bencode.go:56.11,59.43 3 1
gustorrent/internal/bencode/bencode.go:59.43,61.18 2 1
gustorrent/internal/bencode/bencode.go:61.18,63.5 1 1
gustorrent/internal/bencode/bencode.go:64.4,65.12 2 1
gustorrent/internal/bencode/bencode.go:67.3,67.23 1 1
gustorrent/internal/bencode/bencode.go:67.23,69.4 1 1
gustorrent/internal/bencode/bencode.go:70.3,70.85 1 1
gustorrent/internal/bencode/bencode.go:72.11,75.43 3 1
gustorrent/internal/bencode/bencode.go:75.43,77.18 2 1
gustorrent/internal/bencode/bencode.go:77.18,79.5 1 1
gustorrent/internal/bencode/bencode.go:80.4,80.23 1 1
gustorrent/internal/bencode/bencode.go:80.23,82.5 1 1
gustorrent/internal/bencode/bencode.go:83.4,85.18 3 1
gustorrent/internal/bencode/bencode.go:85.18,87.5 1 1
gustorrent/internal/bencode/bencode.go:88.4,89.12 2 1
gustorrent/internal/bencode/bencode.go:91.3,91.23 1 1
gustorrent/internal/bencode/bencode.go:91.23,93.4 1 1
gustorrent/internal/bencode/bencode.go:94.3,94.84 1 1
gustorrent/internal/bencode/bencode.go:97.2,97.65 1 1
gustorrent/internal/utils/convert.go:23.34,24.17 1 1
gustorrent/internal/utils/convert.go:24.17,26.3 1 1
gustorrent/internal/utils/convert.go:28.2,32.17 3 1
gustorrent/internal/utils/convert.go:32.17,35.18 3 1
gustorrent/internal/utils/convert.go:35.18,37.4 1 1
gustorrent/internal/utils/convert.go:41.2,41.33 1 1
gustorrent/internal/utils/convert.go:41.33,43.3 1 1
gustorrent/internal/utils/convert.go:45.2,47.24 2 1
gustorrent/internal/utils/convert.go:47.24,49.27 2 1
gustorrent/internal/utils/convert.go:49.27,51.4 1 1
gustorrent/internal/utils/convert.go:53.3,56.28 2 1
gustorrent/internal/utils/convert.go:56.28,58.4 1 1
gustorrent/internal/utils/convert.go:60.3,60.34 1 1
gustorrent/internal/utils/convert.go:63.2,63.22 1 1
gustorrent/internal/metadata/metadata.go:32.55,34.16 2 1
gustorrent/internal/metadata/metadata.go:34.16,36.3 1 1
gustorrent/internal/metadata/metadata.go:38.2,40.9 3 1
gustorrent/internal/metadata/metadata.go:40.9,42.3 1 1
gustorrent/internal/metadata/metadata.go:44.2,45.9 2 1
gustorrent/internal/metadata/metadata.go:45.9,47.3 1 1
gustorrent/internal/metadata/metadata.go:49.2,50.16 2 1
gustorrent/internal/metadata/metadata.go:50.16,52.3 1 1
gustorrent/internal/metadata/metadata.go:54.2,58.28 3 1
gustorrent/internal/metadata/metadata.go:61.47,68.9 4 1
gustorrent/internal/metadata/metadata.go:68.9,70.3 1 1
gustorrent/internal/metadata/metadata.go:71.2,72.9 2 1
gustorrent/internal/metadata/metadata.go:72.9,74.3 1 1
gustorrent/internal/metadata/metadata.go:75.2,76.9 2 1
gustorrent/internal/metadata/metadata.go:76.9,78.3 1 1
gustorrent/internal/metadata/metadata.go:79.2,84.30 4 1
gustorrent/internal/metadata/metadata.go:84.30,86.3 1 1
gustorrent/internal/metadata/metadata.go:89.2,89.33 1 1
gustorrent/internal/metadata/metadata.go:89.33,92.3 2 1
gustorrent/internal/metadata/metadata.go:95.2,95.36 1 1
gustorrent/internal/metadata/metadata.go:95.36,99.3 2 1
gustorrent/internal/metadata/metadata.go:99.8,99.45 1 1
gustorrent/internal/metadata/metadata.go:99.45,103.33 3 1
gustorrent/internal/metadata/metadata.go:103.33,106.4 2 1
gustorrent/internal/metadata/metadata.go:108.8,110.3 1 1
gustorrent/internal/metadata/metadata.go:112.2,112.18 1 1
gustorrent/internal/metadata/metadata.go:115.45,118.30 2 1
gustorrent/internal/metadata/metadata.go:118.30,130.33 5 1
gustorrent/internal/metadata/metadata.go:130.33,133.4 2 1
gustorrent/internal/metadata/metadata.go:135.3,135.29 1 1
gustorrent/internal/metadata/metadata.go:138.2,138.15 1 1
gustorrent/internal/metadata/metadata.go:141.51,143.25 2 1
gustorrent/internal/metadata/metadata.go:143.25,145.3 1 1
gustorrent/internal/metadata/metadata.go:146.2,146.12 1 1
gustorrent/internal/metadata/metadata.go:149.60,152.2 2 1
gustorrent/cmd/main.go:19.13,20.22 1 0
gustorrent/cmd/main.go:20.22,23.3 2 0
gustorrent/cmd/main.go:25.2,26.16 2 0
gustorrent/cmd/main.go:26.16,27.13 1 0
gustorrent/cmd/main.go:30.2,31.16 2 0
gustorrent/cmd/main.go:31.16,32.13 1 0
gustorrent/cmd/main.go:35.2,40.24 4 0
gustorrent/cmd/main.go:40.24,42.3 1 0
gustorrent/cmd/main.go:42.8,43.32 1 0
gustorrent/cmd/main.go:43.32,45.4 1 0
gustorrent/cmd/main.go:47.2,50.18 3 0
gustorrent/cmd/main.go:50.18,52.60 2 0
gustorrent/cmd/main.go:52.60,56.4 3 0
gustorrent/cmd/main.go:56.9,57.9 1 0
gustorrent/cmd/main.go:61.2,62.21 2 0
gustorrent/cmd/main.go:62.21,63.20 1 0
gustorrent/cmd/main.go:66.2,71.26 4 0
gustorrent/cmd/main.go:71.26,77.13 4 0
gustorrent/cmd/main.go:77.13,79.17 2 0
gustorrent/cmd/main.go:79.17,79.26 1 0
gustorrent/cmd/main.go:81.4,81.57 1 0
gustorrent/cmd/main.go:86.2,86.12 1 0
gustorrent/cmd/main.go:86.12,87.7 1 0
gustorrent/cmd/main.go:87.7,91.27 3 0
gustorrent/cmd/main.go:91.27,94.5 2 0
gustorrent/cmd/main.go:96.4,96.31 1 0
gustorrent/cmd/main.go:100.2,102.41 2 0
gustorrent/internal/peer/connect.go:13.84,25.61 4 1
gustorrent/internal/peer/connect.go:25.61,27.3 1 1
gustorrent/internal/peer/connect.go:29.2,35.30 5 1
gustorrent/internal/peer/connect.go:35.30,38.57 1 1
gustorrent/internal/peer/connect.go:38.57,40.23 2 1
gustorrent/internal/peer/connect.go:40.23,42.13 2 0
gustorrent/internal/peer/connect.go:45.4,46.39 2 1
gustorrent/internal/peer/connect.go:46.39,48.5 1 1
gustorrent/internal/peer/connect.go:50.4,56.45 2 1
gustorrent/internal/peer/connect.go:56.45,58.5 1 0
gustorrent/internal/peer/connect.go:60.4,63.27 3 1
gustorrent/internal/peer/connect.go:67.3,68.17 2 1
gustorrent/internal/peer/connect.go:68.17,70.4 1 0
gustorrent/internal/peer/connect.go:72.3,72.14 1 1
gustorrent/internal/peer/connect.go:72.14,73.12 1 0
gustorrent/internal/peer/connect.go:76.3,81.29 4 1
gustorrent/internal/peer/connect.go:81.29,82.12 1 0
gustorrent/internal/peer/connect.go:85.3,86.10 2 1
gustorrent/internal/peer/connect.go:86.10,87.12 1 0
gustorrent/internal/peer/connect.go:90.3,90.21 1 1
gustorrent/internal/peer/connect.go:90.21,91.12 1 0
gustorrent/internal/peer/connect.go:94.3,94.34 1 1
gustorrent/internal/peer/connect.go:94.34,95.12 1 0
gustorrent/internal/peer/connect.go:99.3,103.14 4 1
gustorrent/internal/peer/connect.go:106.2,106.17 1 1
gustorrent/internal/peer/connect.go:109.56,111.53 2 1
gustorrent/internal/peer/connect.go:111.53,113.3 1 0
gustorrent/internal/peer/connect.go:115.2,118.17 2 1
gustorrent/internal/peer/connect.go:118.17,120.3 1 1
gustorrent/internal/peer/connect.go:123.2,124.50 2 1
gustorrent/internal/peer/connect.go:124.50,126.3 1 0
gustorrent/internal/peer/connect.go:129.2,132.25 3 1
gustorrent/internal/peer/piece_manage.go:34.53,41.2 1 1
gustorrent/internal/peer/piece_manage.go:44.60,48.31 3 1
gustorrent/internal/peer/piece_manage.go:48.31,49.15 1 1
gustorrent/internal/peer/piece_manage.go:49.15,51.4 1 1
gustorrent/internal/peer/piece_manage.go:55.39,58.31 2 1
gustorrent/internal/peer/piece_manage.go:58.31,59.29 1 1
gustorrent/internal/peer/piece_manage.go:59.29,61.4 1 1
gustorrent/internal/peer/piece_manage.go:64.2,64.20 1 1
gustorrent/internal/peer/piece_manage.go:64.20,66.3 1 1
gustorrent/internal/peer/piece_manage.go:71.73,77.16 4 1
gustorrent/internal/peer/piece_manage.go:77.16,83.32 3 1
gustorrent/internal/peer/piece_manage.go:83.32,84.30 1 1
gustorrent/internal/peer/piece_manage.go:84.30,85.13 1 1
gustorrent/internal/peer/piece_manage.go:87.4,87.24 1 1
gustorrent/internal/peer/piece_manage.go:87.24,88.13 1 0
gustorrent/internal/peer/piece_manage.go:91.4,92.17 2 1
gustorrent/internal/peer/piece_manage.go:92.17,94.5 1 1
gustorrent/internal/peer/piece_manage.go:96.4,96.23 1 1
gustorrent/internal/peer/piece_manage.go:96.23,99.5 2 1
gustorrent/internal/peer/piece_manage.go:102.3,102.17 1 1
gustorrent/internal/peer/piece_manage.go:102.17,104.4 1 0
gustorrent/internal/peer/piece_manage.go:105.3,106.20 2 1
gustorrent/internal/peer/piece_manage.go:109.2,109.31 1 1
gustorrent/internal/peer/piece_manage.go:109.31,110.48 1 1
gustorrent/internal/peer/piece_manage.go:110.48,111.21 1 1
gustorrent/internal/peer/piece_manage.go:111.21,112.13 1 0
gustorrent/internal/peer/piece_manage.go:115.4,117.18 3 1
gustorrent/internal/peer/piece_manage.go:120.2,120.18 1 1
gustorrent/internal/peer/piece_manage.go:123.44,127.29 3 1
gustorrent/internal/peer/piece_manage.go:127.29,130.3 2 1
gustorrent/internal/peer/piece_manage.go:132.2,133.18 2 1
gustorrent/internal/peer/piece_manage.go:136.46,142.2 4 1
gustorrent/internal/peer/piece_manage.go:144.52,149.2 3 0
gustorrent/internal/peer/piece_manage.go:151.103,153.16 2 0
gustorrent/internal/peer/piece_manage.go:153.16,155.3 1 0
gustorrent/internal/peer/piece_manage.go:156.2,160.16 3 0
gustorrent/internal/peer/piece_manage.go:160.16,161.13 1 0
gustorrent/internal/peer/piece_manage.go:163.2,163.42 1 0
gustorrent/internal/peer/piece_manage.go:163.42,165.3 1 0
gustorrent/internal/peer/piece_manage.go:167.2,168.51 2 0
gustorrent/internal/peer/piece_manage.go:168.51,170.3 1 0
gustorrent/internal/peer/piece_manage.go:172.2,173.6 2 0
gustorrent/internal/peer/piece_manage.go:173.6,175.17 2 0
gustorrent/internal/peer/piece_manage.go:175.17,177.4 1 0
gustorrent/internal/peer/piece_manage.go:178.3,178.14 1 0
gustorrent/internal/peer/piece_manage.go:178.14,181.9 3 0
gustorrent/internal/peer/piece_manage.go:186.2,189.6 2 0
gustorrent/internal/peer/piece_manage.go:189.6,191.17 2 0
gustorrent/internal/peer/piece_manage.go:191.17,193.4 1 0
gustorrent/internal/peer/piece_manage.go:194.3,194.14 1 0
gustorrent/internal/peer/piece_manage.go:194.14,195.9 1 0
gustorrent/internal/peer/piece_manage.go:199.2,199.29 1 0
gustorrent/internal/peer/piece_manage.go:199.29,201.3 1 0
gustorrent/internal/peer/piece_manage.go:203.2,203.6 1 0
gustorrent/internal/peer/piece_manage.go:203.6,205.10 2 0
gustorrent/internal/peer/piece_manage.go:205.10,207.4 1 0
gustorrent/internal/peer/piece_manage.go:209.3,210.31 2 0
gustorrent/internal/peer/piece_manage.go:210.31,212.4 1 0
gustorrent/internal/peer/piece_manage.go:214.3,215.17 2 0
gustorrent/internal/peer/piece_manage.go:215.17,217.12 2 0
gustorrent/internal/peer/piece_manage.go:220.3,220.44 1 0
gustorrent/internal/peer/piece_manage.go:220.44,222.12 2 0
gustorrent/internal/peer/piece_manage.go:225.3,225.26 1 0
gustorrent/internal/peer/piece_manage.go:229.68,236.2 4 1
gustorrent/internal/peer/piece_manage.go:238.36,242.2 3 1
gustorrent/internal/peer/piece_manage.go:244.37,246.2 1 0
gustorrent/internal/tracker/http.go:30.31,32.2 1 1
gustorrent/internal/tracker/http.go:34.82,50.2 9 1
gustorrent/internal/tracker/http.go:52.38,55.39 2 1
gustorrent/internal/tracker/http.go:55.39,60.3 1 1
gustorrent/internal/tracker/http.go:62.2,62.14 1 1
gustorrent/internal/tracker/http.go:65.63,67.16 2 1
gustorrent/internal/tracker/http.go:67.16,69.3 1 1
gustorrent/internal/tracker/http.go:71.2,72.24 2 1
gustorrent/internal/tracker/http.go:72.24,74.3 1 1
gustorrent/internal/tracker/http.go:74.8,75.32 1 1
gustorrent/internal/tracker/http.go:75.32,77.4 1 1
gustorrent/internal/tracker/http.go:80.2,83.16 3 1
gustorrent/internal/tracker/http.go:83.16,85.3 1 1
gustorrent/internal/tracker/http.go:87.2,90.16 3 1
gustorrent/internal/tracker/http.go:90.16,92.3 1 1
gustorrent/internal/tracker/http.go:94.2,95.16 2 1
gustorrent/internal/tracker/http.go:95.16,97.3 1 1
gustorrent/internal/tracker/http.go:99.2,99.56 1 1
gustorrent/internal/tracker/message.go:16.65,18.16 2 1
gustorrent/internal/tracker/message.go:18.16,20.3 1 1
gustorrent/internal/tracker/message.go:22.2,41.17 7 1
gustorrent/internal/tracker/message.go:44.30,56.2 1 1
gustorrent/internal/tracker/message.go:58.26,67.2 1 1
gustorrent/internal/tracker/message.go:69.28,78.2 1 1
gustorrent/internal/tracker/message.go:80.31,90.2 1 1
gustorrent/internal/tracker/message.go:92.33,102.2 1 1
gustorrent/internal/tracker/message.go:104.39,126.2 5 1
gustorrent/internal/tracker/message.go:130.34,135.2 3 1
gustorrent/internal/tracker/message.go:137.39,142.2 3 1
gustorrent/internal/tracker/message.go:144.46,172.2 6 1
gustorrent/internal/tracker/message.go:174.55,195.2 7 1
gustorrent/internal/tracker/message.go:197.59,218.2 8 1
gustorrent/internal/tracker/message.go:220.54,232.2 7 1
gustorrent/internal/tracker/message.go:234.36,247.2 5 1
